Build started 10/14/2016 12:27:16 AM.
     1>Project "C:\CMS\RPI\2016_Fall_Semester\OpenSource\slegec\IntroOpenSource_Labs\Lab05\Step5\MathFunctions\MakeTable.vcxproj" on node 2 (build target(s)).
     1>PrepareForBuild:
         Creating directory "C:\CMS\RPI\2016_Fall_Semester\OpenSource\slegec\IntroOpenSource_Labs\Lab05\Step5\MathFunctions\Debug\".
       InitializeBuildStatus:
         Creating "MakeTable.dir\Debug\MakeTable.unsuccessfulbuild" because "AlwaysCreate" was specified.
       CustomBuild:
         Building Custom Rule C:/CMS/RPI/2016_Fall_Semester/OpenSource/slegec/IntroOpenSource_Labs/Lab05/Step5/MathFunctions/CMakeLists.txt
         CMake does not need to re-run because C:\CMS\RPI\2016_Fall_Semester\OpenSource\slegec\IntroOpenSource_Labs\Lab05\Step5\MathFunctions\CMakeFiles\generate.stamp is up-to-date.
       ClCompile:
         c:\Program Files (x86)\Microsoft Visual Studio 10.0\VC\bin\CL.exe /c /IC:\CMS\RPI\2016_Fall_Semester\OpenSource\slegec\IntroOpenSource_Labs\Lab05\Step5 /IC:\CMS\RPI\2016_Fall_Semester\OpenSource\slegec\IntroOpenSource_Labs\Lab05\Step5\MathFunctions /Zi /nologo /W3 /WX- /Od /Ob0 /Oy- /D WIN32 /D _WINDOWS /D _DEBUG /D "CMAKE_INTDIR=\"Debug\"" /D _MBCS /Gm- /EHsc /RTC1 /MDd /GS /fp:precise /Zc:wchar_t /Zc:forScope /GR /Fo"MakeTable.dir\Debug\\" /Fd"MakeTable.dir\Debug\vc100.pdb" /Gd /TP /analyze- /errorReport:prompt MakeTable.cxx
         MakeTable.cxx
     1>MakeTable.cxx(17): warning C4996: 'fopen': This function or variable may be unsafe. Consider using fopen_s instead. To disable deprecation, use _CRT_SECURE_NO_WARNINGS. See online help for details.
                 c:\Program Files (x86)\Microsoft Visual Studio 10.0\VC\include\stdio.h(234) : see declaration of 'fopen'
       ManifestResourceCompile:
         C:\Program Files (x86)\Microsoft SDKs\Windows\v7.0A\bin\rc.exe /nologo /fo"MakeTable.dir\Debug\MakeTable.exe.embed.manifest.res" MakeTable.dir\Debug\MakeTable_manifest.rc 
       Link:
         c:\Program Files (x86)\Microsoft Visual Studio 10.0\VC\bin\link.exe /ERRORREPORT:PROMPT /OUT:"C:\CMS\RPI\2016_Fall_Semester\OpenSource\slegec\IntroOpenSource_Labs\Lab05\Step5\MathFunctions\Debug\MakeTable.exe" /INCREMENTAL /NOLOGO kernel32.lib user32.lib gdi32.lib winspool.lib shell32.lib ole32.lib oleaut32.lib uuid.lib comdlg32.lib advapi32.lib /MANIFEST /ManifestFile:"MakeTable.dir\Debug\MakeTable.exe.intermediate.manifest" /MANIFESTUAC:"level='asInvoker' uiAccess='false'" /DEBUG /PDB:"C:/CMS/RPI/2016_Fall_Semester/OpenSource/slegec/IntroOpenSource_Labs/Lab05/Step5/MathFunctions/Debug/MakeTable.pdb" /SUBSYSTEM:CONSOLE /TLBID:1 /DYNAMICBASE /NXCOMPAT /IMPLIB:"C:/CMS/RPI/2016_Fall_Semester/OpenSource/slegec/IntroOpenSource_Labs/Lab05/Step5/MathFunctions/Debug/MakeTable.lib" /MACHINE:X86 MakeTable.dir\Debug\MakeTable.exe.embed.manifest.res
         MakeTable.dir\Debug\MakeTable.obj  /machine:X86 
       Manifest:
         C:\Program Files (x86)\Microsoft SDKs\Windows\v7.0A\bin\mt.exe /nologo /verbose /out:"MakeTable.dir\Debug\MakeTable.exe.embed.manifest" /manifest MakeTable.dir\Debug\MakeTable.exe.intermediate.manifest
         C:\Program Files (x86)\Microsoft SDKs\Windows\v7.0A\bin\rc.exe /nologo /fo"MakeTable.dir\Debug\MakeTable.exe.embed.manifest.res" MakeTable.dir\Debug\MakeTable_manifest.rc 
       LinkEmbedManifest:
         c:\Program Files (x86)\Microsoft Visual Studio 10.0\VC\bin\link.exe /ERRORREPORT:PROMPT /OUT:"C:\CMS\RPI\2016_Fall_Semester\OpenSource\slegec\IntroOpenSource_Labs\Lab05\Step5\MathFunctions\Debug\MakeTable.exe" /INCREMENTAL /NOLOGO kernel32.lib user32.lib gdi32.lib winspool.lib shell32.lib ole32.lib oleaut32.lib uuid.lib comdlg32.lib advapi32.lib /MANIFEST /ManifestFile:"MakeTable.dir\Debug\MakeTable.exe.intermediate.manifest" /MANIFESTUAC:"level='asInvoker' uiAccess='false'" /DEBUG /PDB:"C:/CMS/RPI/2016_Fall_Semester/OpenSource/slegec/IntroOpenSource_Labs/Lab05/Step5/MathFunctions/Debug/MakeTable.pdb" /SUBSYSTEM:CONSOLE /TLBID:1 /DYNAMICBASE /NXCOMPAT /IMPLIB:"C:/CMS/RPI/2016_Fall_Semester/OpenSource/slegec/IntroOpenSource_Labs/Lab05/Step5/MathFunctions/Debug/MakeTable.lib" /MACHINE:X86 MakeTable.dir\Debug\MakeTable.exe.embed.manifest.res
         MakeTable.dir\Debug\MakeTable.obj  /machine:X86 
         MakeTable.vcxproj -> C:\CMS\RPI\2016_Fall_Semester\OpenSource\slegec\IntroOpenSource_Labs\Lab05\Step5\MathFunctions\Debug\MakeTable.exe
       FinalizeBuildStatus:
         Deleting file "MakeTable.dir\Debug\MakeTable.unsuccessfulbuild".
         Touching "MakeTable.dir\Debug\MakeTable.lastbuildstate".
     1>Done Building Project "C:\CMS\RPI\2016_Fall_Semester\OpenSource\slegec\IntroOpenSource_Labs\Lab05\Step5\MathFunctions\MakeTable.vcxproj" (build target(s)).

Build succeeded.

Time Elapsed 00:00:01.03
